<?xml version="1.0" encoding="UTF-8"?>
<robot generator="Robot 6.0.2 (Python 3.11.1 on win32)" generated="20230211 12:59:08.959" rpa="false" schemaversion="3">
<suite id="s1" name="Tests" source="C:\Users\User\Documents\GitHub\medium-robot-framework-sample\tests">
<suite id="s1-s1" name="Authentication Tests" source="C:\Users\User\Documents\GitHub\medium-robot-framework-sample\tests\authentication_tests.robot">
<test id="s1-s1-t1" name="Scenario: Standard user logins successfully" line="15">
<kw name="Run Keywords" library="BuiltIn" type="SETUP">
<arg>Start Test</arg>
<doc>Executes all the given keywords in a sequence.</doc>
<kw name="Start Test" library="runner">
<kw name="Open Browser" library="SeleniumLibrary">
<arg>${BASE_URL}</arg>
<arg>${BROWSER}</arg>
<doc>Opens a new browser instance to the optional ``url``.</doc>
<msg timestamp="20230211 12:59:09.063" level="INFO">Opening browser 'chrome' to base url 'https://www.saucedemo.com/'.</msg>
<status status="PASS" starttime="20230211 12:59:09.063" endtime="20230211 12:59:10.617"/>
</kw>
<kw name="Set Window Size" library="SeleniumLibrary">
<arg>${SCREEN_WIDTH}</arg>
<arg>${SCREEN_HEIGHT}</arg>
<doc>Sets current windows size to given ``width`` and ``height``.</doc>
<status status="PASS" starttime="20230211 12:59:10.617" endtime="20230211 12:59:10.737"/>
</kw>
<kw name="Set Selenium Timeout" library="SeleniumLibrary">
<arg>30 seconds</arg>
<doc>Sets the timeout that is used by various keywords.</doc>
<status status="PASS" starttime="20230211 12:59:10.737" endtime="20230211 12:59:10.738"/>
</kw>
<status status="PASS" starttime="20230211 12:59:09.063" endtime="20230211 12:59:10.738"/>
</kw>
<status status="PASS" starttime="20230211 12:59:09.054" endtime="20230211 12:59:10.738"/>
</kw>
<kw name="Given Peny is on the login page" library="login_page_steps">
<kw name="Wait Until Element Is Visible" library="SeleniumLibrary">
<arg>${LOGIN_PAGE_IDENTIFIER}</arg>
<doc>Waits until the element ``locator`` is visible.</doc>
<status status="PASS" starttime="20230211 12:59:10.739" endtime="20230211 12:59:10.752"/>
</kw>
<kw name="Get Location" library="SeleniumLibrary">
<var>${current_url}</var>
<doc>Returns the current browser window URL.</doc>
<msg timestamp="20230211 12:59:10.754" level="INFO">${current_url} = https://www.saucedemo.com/</msg>
<status status="PASS" starttime="20230211 12:59:10.752" endtime="20230211 12:59:10.754"/>
</kw>
<kw name="Should Be Equal As Strings" library="BuiltIn">
<arg>${current_url}</arg>
<arg>${BASE_URL}</arg>
<doc>Fails if objects are unequal after converting them to strings.</doc>
<status status="PASS" starttime="20230211 12:59:10.754" endtime="20230211 12:59:10.754"/>
</kw>
<status status="PASS" starttime="20230211 12:59:10.739" endtime="20230211 12:59:10.754"/>
</kw>
<kw name="When Peny inserts their default username" library="login_page_steps" sourcename="Peny inserts their ${type} username">
<if>
<branch type="IF" condition="&quot;&quot;&quot;${type}&quot;&quot;&quot; == &quot;&quot;&quot;default&quot;&quot;&quot;">
<kw name="Set Variable" library="BuiltIn">
<var>${username}</var>
<arg>${DEFAULT_USERNAME}</arg>
<doc>Returns the given values which can then be assigned to a variables.</doc>
<msg timestamp="20230211 12:59:10.755" level="INFO">${username} = standard_user</msg>
<status status="PASS" starttime="20230211 12:59:10.755" endtime="20230211 12:59:10.755"/>
</kw>
<status status="PASS" starttime="20230211 12:59:10.755" endtime="20230211 12:59:10.755"/>
</branch>
<status status="PASS" starttime="20230211 12:59:10.755" endtime="20230211 12:59:10.755"/>
</if>
<if>
<branch type="IF" condition="&quot;&quot;&quot;${type}&quot;&quot;&quot; == &quot;&quot;&quot;locked out&quot;&quot;&quot;">
<kw name="Set Variable" library="BuiltIn">
<var>${username}</var>
<arg>${LOCKED_USER}</arg>
<doc>Returns the given values which can then be assigned to a variables.</doc>
<status status="NOT RUN" starttime="20230211 12:59:10.755" endtime="20230211 12:59:10.755"/>
</kw>
<status status="NOT RUN" starttime="20230211 12:59:10.755" endtime="20230211 12:59:10.755"/>
</branch>
<status status="PASS" starttime="20230211 12:59:10.755" endtime="20230211 12:59:10.755"/>
</if>
<kw name="Input Text" library="SeleniumLibrary">
<arg>${LOGIN_USERNAME_FIELD}</arg>
<arg>${username}</arg>
<doc>Types the given ``text`` into the text field identified by ``locator``.</doc>
<msg timestamp="20230211 12:59:10.755" level="INFO">Typing text 'standard_user' into text field 'css=input[data-test="username"]'.</msg>
<status status="PASS" starttime="20230211 12:59:10.755" endtime="20230211 12:59:10.795"/>
</kw>
<status status="PASS" starttime="20230211 12:59:10.754" endtime="20230211 12:59:10.795"/>
</kw>
<kw name="And Peny inserts their default password" library="login_page_steps" sourcename="Peny inserts their ${type} password">
<if>
<branch type="IF" condition="&quot;&quot;&quot;${type}&quot;&quot;&quot; == &quot;&quot;&quot;default&quot;&quot;&quot;">
<kw name="Set Variable" library="BuiltIn">
<var>${password}</var>
<arg>${DEFAULT_PASSWORD}</arg>
<doc>Returns the given values which can then be assigned to a variables.</doc>
<msg timestamp="20230211 12:59:10.796" level="INFO">${password} = secret_sauce</msg>
<status status="PASS" starttime="20230211 12:59:10.796" endtime="20230211 12:59:10.796"/>
</kw>
<status status="PASS" starttime="20230211 12:59:10.796" endtime="20230211 12:59:10.796"/>
</branch>
<status status="PASS" starttime="20230211 12:59:10.796" endtime="20230211 12:59:10.796"/>
</if>
<if>
<branch type="IF" condition="&quot;&quot;&quot;${type}&quot;&quot;&quot; == &quot;&quot;&quot;invalid&quot;&quot;&quot;">
<kw name="Set Variable" library="BuiltIn">
<var>${password}</var>
<arg>iminvalid:(</arg>
<doc>Returns the given values which can then be assigned to a variables.</doc>
<status status="NOT RUN" starttime="20230211 12:59:10.796" endtime="20230211 12:59:10.796"/>
</kw>
<status status="NOT RUN" starttime="20230211 12:59:10.796" endtime="20230211 12:59:10.796"/>
</branch>
<status status="PASS" starttime="20230211 12:59:10.796" endtime="20230211 12:59:10.796"/>
</if>
<kw name="Input Text" library="SeleniumLibrary">
<arg>${LOGIN_PASSWORD_FIELD}</arg>
<arg>${password}</arg>
<doc>Types the given ``text`` into the text field identified by ``locator``.</doc>
<msg timestamp="20230211 12:59:10.796" level="INFO">Typing text 'secret_sauce' into text field 'css=input[data-test="password"]'.</msg>
<status status="PASS" starttime="20230211 12:59:10.796" endtime="20230211 12:59:10.835"/>
</kw>
<status status="PASS" starttime="20230211 12:59:10.795" endtime="20230211 12:59:10.835"/>
</kw>
<kw name="And Peny clicks the login button" library="login_page_steps">
<kw name="Click Button" library="SeleniumLibrary">
<arg>${LOGIN_BUTTON}</arg>
<doc>Clicks the button identified by ``locator``.</doc>
<msg timestamp="20230211 12:59:10.835" level="INFO">Clicking button 'css=input[data-test="login-button"]'.</msg>
<status status="PASS" starttime="20230211 12:59:10.835" endtime="20230211 12:59:10.882"/>
</kw>
<status status="PASS" starttime="20230211 12:59:10.835" endtime="20230211 12:59:10.882"/>
</kw>
<kw name="Then Peny should see the inventory page" library="inventory_page_steps">
<kw name="Wait Until Element Is Visible" library="SeleniumLibrary">
<arg>${INVENTORY_PAGE_IDENTIFIER}</arg>
<doc>Waits until the element ``locator`` is visible.</doc>
<status status="PASS" starttime="20230211 12:59:10.883" endtime="20230211 12:59:10.896"/>
</kw>
<kw name="Get Location" library="SeleniumLibrary">
<var>${current_url}</var>
<doc>Returns the current browser window URL.</doc>
<msg timestamp="20230211 12:59:10.898" level="INFO">${current_url} = https://www.saucedemo.com/inventory.html</msg>
<status status="PASS" starttime="20230211 12:59:10.896" endtime="20230211 12:59:10.898"/>
</kw>
<kw name="Should Contain" library="BuiltIn">
<arg>${current_url}</arg>
<arg>/inventory.html</arg>
<doc>Fails if ``container`` does not contain ``item`` one or more times.</doc>
<status status="PASS" starttime="20230211 12:59:10.898" endtime="20230211 12:59:10.898"/>
</kw>
<status status="PASS" starttime="20230211 12:59:10.883" endtime="20230211 12:59:10.898"/>
</kw>
<kw name="Run Keywords" library="BuiltIn" type="TEARDOWN">
<arg>End Test</arg>
<doc>Executes all the given keywords in a sequence.</doc>
<kw name="End Test" library="runner">
<kw name="Sleep" library="BuiltIn">
<arg>2</arg>
<doc>Pauses the test executed for the given time.</doc>
<msg timestamp="20230211 12:59:12.899" level="INFO">Slept 2 seconds</msg>
<status status="PASS" starttime="20230211 12:59:10.898" endtime="20230211 12:59:12.899"/>
</kw>
<kw name="Capture Page Screenshot" library="SeleniumLibrary">
<doc>Takes a screenshot of the current page and embeds it into a log file.</doc>
<msg timestamp="20230211 12:59:12.900" level="WARN">Keyword 'Capture Page Screenshot' could not be run on failure: Message: no such window: target window already closed
from unknown error: web view not found
  (Session info: chrome=110.0.5481.77)
Stacktrace:
Backtrace:
	(No symbol) [0x007137D3]
	(No symbol) [0x006A8B81]
	(No symbol) [0x005AB36D]
	(No symbol) [0x0058E5DA]
	(No symbol) [0x005FF0CB]
	(No symbol) [0x00610A56]
	(No symbol) [0x005FB216]
	(No symbol) [0x005D0D97]
	(No symbol) [0x005D253D]
	GetHandleVerifier [0x0098ABF2+2510930]
	GetHandleVerifier [0x009B8EC1+2700065]
	GetHandleVerifier [0x009BC86C+2714828]
	GetHandleVerifier [0x007C3480+645344]
	(No symbol) [0x006B0FD2]
	(No symbol) [0x006B6C68]
	(No symbol) [0x006B6D4B]
	(No symbol) [0x006C0D6B]
	BaseThreadInitThunk [0x75276BD9+25]
	RtlGetFullPathName_UEx [0x77068FD2+1218]
	RtlGetFullPathName_UEx [0x77068F9D+1165]
</msg>
<msg timestamp="20230211 12:59:12.902" level="FAIL">NoSuchWindowException: Message: no such window: target window already closed
from unknown error: web view not found
  (Session info: chrome=110.0.5481.77)
Stacktrace:
Backtrace:
	(No symbol) [0x007137D3]
	(No symbol) [0x006A8B81]
	(No symbol) [0x005AB36D]
	(No symbol) [0x0058E5DA]
	(No symbol) [0x005FF0CB]
	(No symbol) [0x00610A56]
	(No symbol) [0x005FB216]
	(No symbol) [0x005D0D97]
	(No symbol) [0x005D253D]
	GetHandleVerifier [0x0098ABF2+2510930]
	GetHandleVerifier [0x009B8EC1+2700065]
	GetHandleVerifier [0x009BC86C+2714828]
	GetHandleVerifier [0x007C3480+645344]
	(No symbol) [0x006B0FD2]
	(No symbol) [0x006B6C68]
	(No symbol) [0x006B6D4B]
	(No symbol) [0x006C0D6B]
	BaseThreadInitThunk [0x75276BD9+25]
	RtlGetFullPathName_UEx [0x77068FD2+1218]
	RtlGetFullPathName_UEx [0x77068F9D+1165]
</msg>
<status status="FAIL" starttime="20230211 12:59:12.899" endtime="20230211 12:59:12.903"/>
</kw>
<kw name="Close Browser" library="SeleniumLibrary">
<doc>Closes the current browser.</doc>
<status status="PASS" starttime="20230211 12:59:12.903" endtime="20230211 12:59:14.932"/>
</kw>
<status status="FAIL" starttime="20230211 12:59:10.898" endtime="20230211 12:59:14.932"/>
</kw>
<status status="FAIL" starttime="20230211 12:59:10.898" endtime="20230211 12:59:14.932">NoSuchWindowException: Message: no such window: target window already closed
from unknown error: web view not found
  (Session info: chrome=110.0.5481.77)
Stacktrace:
Backtrace:
	(No symbol) [0x007137D3]
	(No symbol) [0x006A8B81]
	(No symbol) [0x005AB36D]
	(No symbol) [0x0058E5DA]
	(No symbol) [0x005FF0CB]
	(No symbol) [0x00610A56]
	(No symbol) [0x005FB216]
	(No symbol) [0x005D0D97]
	(No symbol) [0x005D253D]
	GetHandleVerifier [0x0098ABF2+2510930]
	GetHandleVerifier [0x009B8EC1+2700065]
	GetHandleVerifier [0x009BC86C+2714828]
	GetHandleVerifier [0x007C3480+645344]
	(No symbol) [0x006B0FD2]
	(No symbol) [0x006B6C68]
	(No symbol) [0x006B6D4B]
	(No symbol) [0x006C0D6B]
	BaseThreadInitThunk [0x75276BD9+25]
	RtlGetFullPathName_UEx [0x77068FD2+1218]
	RtlGetFullPathName_UEx [0x77068F9D+1165]
</status>
</kw>
<doc>Successfull outcome when standard credentials are used.

Relevant Business Rules:
- User must be redirected to the inventory page after a sucessfull login

Bugs: &lt;link-to-issue-tracker&gt;</doc>
<tag>REGRESSION</tag>
<tag>SMOKE</tag>
<status status="FAIL" starttime="20230211 12:59:09.054" endtime="20230211 12:59:14.932">Teardown failed:
NoSuchWindowException: Message: no such window: target window already closed
from unknown error: web view not found
  (Session info: chrome=110.0.5481.77)
Stacktrace:
Backtrace:
	(No symbol) [0x007137D3]
	(No symbol) [0x006A8B81]
	(No symbol) [0x005AB36D]
	(No symbol) [0x0058E5DA]
	(No symbol) [0x005FF0CB]
	(No symbol) [0x00610A56]
	(No symbol) [0x005FB216]
	(No symbol) [0x005D0D97]
	(No symbol) [0x005D253D]
	GetHandleVerifier [0x0098ABF2+2510930]
	GetHandleVerifier [0x009B8EC1+2700065]
	GetHandleVerifier [0x009BC86C+2714828]
	GetHandleVerifier [0x007C3480+645344]
	(No symbol) [0x006B0FD2]
	(No symbol) [0x006B6C68]
	(No symbol) [0x006B6D4B]
	(No symbol) [0x006C0D6B]
	BaseThreadInitThunk [0x75276BD9+25]
	RtlGetFullPathName_UEx [0x77068FD2+1218]
	RtlGetFullPathName_UEx [0x77068F9D+1165]
</status>
</test>
<doc>AUTHENTICATION TESTS

Tests from Login Feature are written in this file using Gherkin Syntax.
Specs: &lt;link-to-documentation-or-prototype&gt;</doc>
<status status="FAIL" starttime="20230211 12:59:08.961" endtime="20230211 12:59:14.951"/>
</suite>
<status status="FAIL" starttime="20230211 12:59:08.960" endtime="20230211 12:59:14.952"/>
</suite>
<statistics>
<total>
<stat pass="0" fail="1" skip="0">All Tests</stat>
</total>
<tag>
<stat pass="0" fail="1" skip="0">REGRESSION</stat>
<stat pass="0" fail="1" skip="0">SMOKE</stat>
</tag>
<suite>
<stat pass="0" fail="1" skip="0" id="s1" name="Tests">Tests</stat>
<stat pass="0" fail="1" skip="0" id="s1-s1" name="Authentication Tests">Tests.Authentication Tests</stat>
</suite>
</statistics>
<errors>
<msg timestamp="20230211 12:59:12.900" level="WARN">Keyword 'Capture Page Screenshot' could not be run on failure: Message: no such window: target window already closed
from unknown error: web view not found
  (Session info: chrome=110.0.5481.77)
Stacktrace:
Backtrace:
	(No symbol) [0x007137D3]
	(No symbol) [0x006A8B81]
	(No symbol) [0x005AB36D]
	(No symbol) [0x0058E5DA]
	(No symbol) [0x005FF0CB]
	(No symbol) [0x00610A56]
	(No symbol) [0x005FB216]
	(No symbol) [0x005D0D97]
	(No symbol) [0x005D253D]
	GetHandleVerifier [0x0098ABF2+2510930]
	GetHandleVerifier [0x009B8EC1+2700065]
	GetHandleVerifier [0x009BC86C+2714828]
	GetHandleVerifier [0x007C3480+645344]
	(No symbol) [0x006B0FD2]
	(No symbol) [0x006B6C68]
	(No symbol) [0x006B6D4B]
	(No symbol) [0x006C0D6B]
	BaseThreadInitThunk [0x75276BD9+25]
	RtlGetFullPathName_UEx [0x77068FD2+1218]
	RtlGetFullPathName_UEx [0x77068F9D+1165]
</msg>
</errors>
</robot>
